d:\myuni\class\pgm-c\test2\x64\release\vc143.pdb
d:\myuni\class\pgm-c\test2\x64\release\user.nativecodeanalysis.sarif
d:\myuni\class\pgm-c\test2\x64\release\user.nativecodeanalysis.xml
d:\myuni\class\pgm-c\test2\x64\release\eval.nativecodeanalysis.sarif
d:\myuni\class\pgm-c\test2\x64\release\eval.nativecodeanalysis.xml
d:\myuni\class\pgm-c\test2\x64\release\map.nativecodeanalysis.sarif
d:\myuni\class\pgm-c\test2\x64\release\map.nativecodeanalysis.xml
d:\myuni\class\pgm-c\test2\x64\release\ui.nativecodeanalysis.sarif
d:\myuni\class\pgm-c\test2\x64\release\ui.nativecodeanalysis.xml
d:\myuni\class\pgm-c\test2\x64\release\files.nativecodeanalysis.sarif
d:\myuni\class\pgm-c\test2\x64\release\files.nativecodeanalysis.xml
d:\myuni\class\pgm-c\test2\x64\release\judge.nativecodeanalysis.sarif
d:\myuni\class\pgm-c\test2\x64\release\judge.nativecodeanalysis.xml
d:\myuni\class\pgm-c\test2\x64\release\keyboardevent.nativecodeanalysis.sarif
d:\myuni\class\pgm-c\test2\x64\release\keyboardevent.nativecodeanalysis.xml
d:\myuni\class\pgm-c\test2\x64\release\solve.nativecodeanalysis.sarif
d:\myuni\class\pgm-c\test2\x64\release\solve.nativecodeanalysis.xml
d:\myuni\class\pgm-c\test2\x64\release\exceptio.nativecodeanalysis.sarif
d:\myuni\class\pgm-c\test2\x64\release\exceptio.nativecodeanalysis.xml
d:\myuni\class\pgm-c\test2\x64\release\genlib.nativecodeanalysis.sarif
d:\myuni\class\pgm-c\test2\x64\release\genlib.nativecodeanalysis.xml
d:\myuni\class\pgm-c\test2\x64\release\graphics.nativecodeanalysis.sarif
d:\myuni\class\pgm-c\test2\x64\release\graphics.nativecodeanalysis.xml
d:\myuni\class\pgm-c\test2\x64\release\imgui.nativecodeanalysis.sarif
d:\myuni\class\pgm-c\test2\x64\release\imgui.nativecodeanalysis.xml
d:\myuni\class\pgm-c\test2\x64\release\linkedlist.nativecodeanalysis.sarif
d:\myuni\class\pgm-c\test2\x64\release\linkedlist.nativecodeanalysis.xml
d:\myuni\class\pgm-c\test2\x64\release\random.nativecodeanalysis.sarif
d:\myuni\class\pgm-c\test2\x64\release\random.nativecodeanalysis.xml
d:\myuni\class\pgm-c\test2\x64\release\simpio.nativecodeanalysis.sarif
d:\myuni\class\pgm-c\test2\x64\release\simpio.nativecodeanalysis.xml
d:\myuni\class\pgm-c\test2\x64\release\strlib.nativecodeanalysis.sarif
d:\myuni\class\pgm-c\test2\x64\release\strlib.nativecodeanalysis.xml
d:\myuni\class\pgm-c\test2\x64\release\main.nativecodeanalysis.sarif
d:\myuni\class\pgm-c\test2\x64\release\main.nativecodeanalysis.xml
d:\myuni\class\pgm-c\test2\x64\release\mouseevent.nativecodeanalysis.sarif
d:\myuni\class\pgm-c\test2\x64\release\mouseevent.nativecodeanalysis.xml
d:\myuni\class\pgm-c\test2\x64\release\shape.nativecodeanalysis.sarif
d:\myuni\class\pgm-c\test2\x64\release\shape.nativecodeanalysis.xml
d:\myuni\class\pgm-c\test2\x64\release\timer.nativecodeanalysis.sarif
d:\myuni\class\pgm-c\test2\x64\release\timer.nativecodeanalysis.xml
d:\myuni\class\pgm-c\test2\x64\release\timer.obj
d:\myuni\class\pgm-c\test2\x64\release\shape.obj
d:\myuni\class\pgm-c\test2\x64\release\mouseevent.obj
d:\myuni\class\pgm-c\test2\x64\release\main.obj
d:\myuni\class\pgm-c\test2\x64\release\strlib.obj
d:\myuni\class\pgm-c\test2\x64\release\simpio.obj
d:\myuni\class\pgm-c\test2\x64\release\random.obj
d:\myuni\class\pgm-c\test2\x64\release\linkedlist.obj
d:\myuni\class\pgm-c\test2\x64\release\imgui.obj
d:\myuni\class\pgm-c\test2\x64\release\graphics.obj
d:\myuni\class\pgm-c\test2\x64\release\genlib.obj
d:\myuni\class\pgm-c\test2\x64\release\exceptio.obj
d:\myuni\class\pgm-c\test2\x64\release\solve.obj
d:\myuni\class\pgm-c\test2\x64\release\keyboardevent.obj
d:\myuni\class\pgm-c\test2\x64\release\judge.obj
d:\myuni\class\pgm-c\test2\x64\release\files.obj
d:\myuni\class\pgm-c\test2\x64\release\ui.obj
d:\myuni\class\pgm-c\test2\x64\release\map.obj
d:\myuni\class\pgm-c\test2\x64\release\eval.obj
d:\myuni\class\pgm-c\test2\x64\release\user.obj
d:\myuni\class\pgm-c\test2\tangram.exe
d:\myuni\class\pgm-c\test2\x64\release\tangram.ipdb
d:\myuni\class\pgm-c\test2\tangram.pdb
d:\myuni\class\pgm-c\test2\x64\release\tangram.iobj
d:\myuni\class\pgm-c\test2\x64\release\vc.nativecodeanalysis.all.xml
d:\myuni\class\pgm-c\test2\x64\release\tangram.tlog\cl.command.1.tlog
d:\myuni\class\pgm-c\test2\x64\release\tangram.tlog\cl.read.1.tlog
d:\myuni\class\pgm-c\test2\x64\release\tangram.tlog\cl.write.1.tlog
d:\myuni\class\pgm-c\test2\x64\release\tangram.tlog\link.command.1.tlog
d:\myuni\class\pgm-c\test2\x64\release\tangram.tlog\link.read.1.tlog
d:\myuni\class\pgm-c\test2\x64\release\tangram.tlog\link.write.1.tlog
