d:\myuni\class\pgm-c\test\test\x64\debug\vc143.pdb
d:\myuni\class\pgm-c\test\test\x64\debug\vc143.idb
d:\myuni\class\pgm-c\test\test\x64\debug\strlib.obj
d:\myuni\class\pgm-c\test\test\x64\debug\simpio.obj
d:\myuni\class\pgm-c\test\test\x64\debug\random.obj
d:\myuni\class\pgm-c\test\test\x64\debug\linkedlist.obj
d:\myuni\class\pgm-c\test\test\x64\debug\imgui.obj
d:\myuni\class\pgm-c\test\test\x64\debug\graphics.obj
d:\myuni\class\pgm-c\test\test\x64\debug\genlib.obj
d:\myuni\class\pgm-c\test\test\x64\debug\exceptio.obj
d:\myuni\class\pgm-c\test\test\x64\debug\eval.obj
d:\myuni\class\pgm-c\test\test\x64\debug\timer.obj
d:\myuni\class\pgm-c\test\test\x64\debug\shape.obj
d:\myuni\class\pgm-c\test\test\x64\debug\mouseevent.obj
d:\myuni\class\pgm-c\test\test\x64\debug\main.obj
d:\myuni\class\pgm-c\test\test\x64\debug\solve.obj
d:\myuni\class\pgm-c\test\test\x64\debug\keyboardevent.obj
d:\myuni\class\pgm-c\test\test\x64\debug\judge.obj
d:\myuni\class\pgm-c\test\test\x64\debug\ui.obj
d:\myuni\class\pgm-c\test\test\x64\debug\music.obj
d:\myuni\class\pgm-c\test\test\x64\debug\map.obj
d:\myuni\class\pgm-c\test\test\x64\debug\user.obj
d:\myuni\class\pgm-c\test\test\x64\debug\files.obj
d:\myuni\class\pgm-c\test\test\x64\debug\tangram.pdb
d:\myuni\class\pgm-c\test\test\x64\debug\tangram.tlog\cl.command.1.tlog
d:\myuni\class\pgm-c\test\test\x64\debug\tangram.tlog\cl.read.1.tlog
d:\myuni\class\pgm-c\test\test\x64\debug\tangram.tlog\cl.write.1.tlog
d:\myuni\class\pgm-c\test\test\x64\debug\tangram.tlog\link.20020-cvtres.read.1.tlog
d:\myuni\class\pgm-c\test\test\x64\debug\tangram.tlog\link.20020-cvtres.write.1.tlog
d:\myuni\class\pgm-c\test\test\x64\debug\tangram.tlog\link.20020-rc.read.1.tlog
d:\myuni\class\pgm-c\test\test\x64\debug\tangram.tlog\link.20020-rc.write.1.tlog
d:\myuni\class\pgm-c\test\test\x64\debug\tangram.tlog\link.20020.read.1.tlog
d:\myuni\class\pgm-c\test\test\x64\debug\tangram.tlog\link.20020.read.2.tlog
d:\myuni\class\pgm-c\test\test\x64\debug\tangram.tlog\link.20020.write.1.tlog
d:\myuni\class\pgm-c\test\test\x64\debug\tangram.tlog\link.command.1.tlog
d:\myuni\class\pgm-c\test\test\x64\debug\tangram.tlog\link.read.1.tlog
d:\myuni\class\pgm-c\test\test\x64\debug\tangram.tlog\link.write.1.tlog
